2017-04-25 09:58:58.880 ERROR 7408 --- [main] o.s.b.f.s.DefaultListableBeanFactory     : Destroy method on bean with name 'org.springframework.boot.autoconfigure.internalCachingMetadataReaderFactory' threw an exception

java.lang.IllegalStateException: ApplicationEventMulticaster not initialized - call 'refresh' before multicasting events via the context: org.springframework.boot.context.embedded.AnnotationConfigEmbeddedWebApplicationContext@3eb25e1a: startup date [Tue Apr 25 09:58:56 UZT 2017]; root of context hierarchy
	at org.springframework.context.support.AbstractApplicationContext.getApplicationEventMulticaster(AbstractApplicationContext.java:404)
	at org.springframework.context.support.ApplicationListenerDetector.postProcessBeforeDestruction(ApplicationListenerDetector.java:97)
	at org.springframework.beans.factory.support.DisposableBeanAdapter.destroy(DisposableBeanAdapter.java:253)
	at org.springframework.beans.factory.support.DefaultSingletonBeanRegistry.destroyBean(DefaultSingletonBeanRegistry.java:578)
	at org.springframework.beans.factory.support.DefaultSingletonBeanRegistry.destroySingleton(DefaultSingletonBeanRegistry.java:554)
	at org.springframework.beans.factory.support.DefaultListableBeanFactory.destroySingleton(DefaultListableBeanFactory.java:959)
	at org.springframework.beans.factory.support.DefaultSingletonBeanRegistry.destroySingletons(DefaultSingletonBeanRegistry.java:523)
	at org.springframework.beans.factory.support.DefaultListableBeanFactory.destroySingletons(DefaultListableBeanFactory.java:966)
	at org.springframework.context.support.AbstractApplicationContext.destroyBeans(AbstractApplicationContext.java:1033)
	at org.springframework.context.support.AbstractApplicationContext.refresh(AbstractApplicationContext.java:555)
	at org.springframework.boot.context.embedded.EmbeddedWebApplicationContext.refresh(EmbeddedWebApplicationContext.java:122)
	at org.springframework.boot.SpringApplication.refresh(SpringApplication.java:761)
	at org.springframework.boot.SpringApplication.refreshContext(SpringApplication.java:371)
	at org.springframework.boot.SpringApplication.run(SpringApplication.java:315)
	at org.springframework.boot.SpringApplication.run(SpringApplication.java:1186)
	at org.springframework.boot.SpringApplication.run(SpringApplication.java:1175)
	at com.rozikovp.blog.Application.main(Application.java:40)
	at sun.reflect.NativeMethodAccessorImpl.invoke0(Native Method)
	at sun.reflect.NativeMethodAccessorImpl.invoke(NativeMethodAccessorImpl.java:62)
	at sun.reflect.DelegatingMethodAccessorImpl.invoke(DelegatingMethodAccessorImpl.java:43)
	at java.lang.reflect.Method.invoke(Method.java:497)
	at com.intellij.rt.execution.application.AppMain.main(AppMain.java:147)

2017-04-25 11:33:57.501 ERROR 8968 --- [main] o.s.b.f.s.DefaultListableBeanFactory     : Destroy method on bean with name 'org.springframework.boot.autoconfigure.internalCachingMetadataReaderFactory' threw an exception

java.lang.IllegalStateException: ApplicationEventMulticaster not initialized - call 'refresh' before multicasting events via the context: org.springframework.boot.context.embedded.AnnotationConfigEmbeddedWebApplicationContext@217ed35e: startup date [Tue Apr 25 11:33:55 UZT 2017]; root of context hierarchy
	at org.springframework.context.support.AbstractApplicationContext.getApplicationEventMulticaster(AbstractApplicationContext.java:404)
	at org.springframework.context.support.ApplicationListenerDetector.postProcessBeforeDestruction(ApplicationListenerDetector.java:97)
	at org.springframework.beans.factory.support.DisposableBeanAdapter.destroy(DisposableBeanAdapter.java:253)
	at org.springframework.beans.factory.support.DefaultSingletonBeanRegistry.destroyBean(DefaultSingletonBeanRegistry.java:578)
	at org.springframework.beans.factory.support.DefaultSingletonBeanRegistry.destroySingleton(DefaultSingletonBeanRegistry.java:554)
	at org.springframework.beans.factory.support.DefaultListableBeanFactory.destroySingleton(DefaultListableBeanFactory.java:959)
	at org.springframework.beans.factory.support.DefaultSingletonBeanRegistry.destroySingletons(DefaultSingletonBeanRegistry.java:523)
	at org.springframework.beans.factory.support.DefaultListableBeanFactory.destroySingletons(DefaultListableBeanFactory.java:966)
	at org.springframework.context.support.AbstractApplicationContext.destroyBeans(AbstractApplicationContext.java:1033)
	at org.springframework.context.support.AbstractApplicationContext.refresh(AbstractApplicationContext.java:555)
	at org.springframework.boot.context.embedded.EmbeddedWebApplicationContext.refresh(EmbeddedWebApplicationContext.java:122)
	at org.springframework.boot.SpringApplication.refresh(SpringApplication.java:761)
	at org.springframework.boot.SpringApplication.refreshContext(SpringApplication.java:371)
	at org.springframework.boot.SpringApplication.run(SpringApplication.java:315)
	at org.springframework.boot.SpringApplication.run(SpringApplication.java:1186)
	at org.springframework.boot.SpringApplication.run(SpringApplication.java:1175)
	at com.rozikovp.blog.Application.main(Application.java:40)
	at sun.reflect.NativeMethodAccessorImpl.invoke0(Native Method)
	at sun.reflect.NativeMethodAccessorImpl.invoke(NativeMethodAccessorImpl.java:62)
	at sun.reflect.DelegatingMethodAccessorImpl.invoke(DelegatingMethodAccessorImpl.java:43)
	at java.lang.reflect.Method.invoke(Method.java:497)
	at com.intellij.rt.execution.application.AppMain.main(AppMain.java:147)

2017-04-25 11:35:11.182 ERROR 6428 --- [main] o.s.b.f.s.DefaultListableBeanFactory     : Destroy method on bean with name 'org.springframework.boot.autoconfigure.internalCachingMetadataReaderFactory' threw an exception

java.lang.IllegalStateException: ApplicationEventMulticaster not initialized - call 'refresh' before multicasting events via the context: org.springframework.boot.context.embedded.AnnotationConfigEmbeddedWebApplicationContext@217ed35e: startup date [Tue Apr 25 11:35:08 UZT 2017]; root of context hierarchy
	at org.springframework.context.support.AbstractApplicationContext.getApplicationEventMulticaster(AbstractApplicationContext.java:404)
	at org.springframework.context.support.ApplicationListenerDetector.postProcessBeforeDestruction(ApplicationListenerDetector.java:97)
	at org.springframework.beans.factory.support.DisposableBeanAdapter.destroy(DisposableBeanAdapter.java:253)
	at org.springframework.beans.factory.support.DefaultSingletonBeanRegistry.destroyBean(DefaultSingletonBeanRegistry.java:578)
	at org.springframework.beans.factory.support.DefaultSingletonBeanRegistry.destroySingleton(DefaultSingletonBeanRegistry.java:554)
	at org.springframework.beans.factory.support.DefaultListableBeanFactory.destroySingleton(DefaultListableBeanFactory.java:959)
	at org.springframework.beans.factory.support.DefaultSingletonBeanRegistry.destroySingletons(DefaultSingletonBeanRegistry.java:523)
	at org.springframework.beans.factory.support.DefaultListableBeanFactory.destroySingletons(DefaultListableBeanFactory.java:966)
	at org.springframework.context.support.AbstractApplicationContext.destroyBeans(AbstractApplicationContext.java:1033)
	at org.springframework.context.support.AbstractApplicationContext.refresh(AbstractApplicationContext.java:555)
	at org.springframework.boot.context.embedded.EmbeddedWebApplicationContext.refresh(EmbeddedWebApplicationContext.java:122)
	at org.springframework.boot.SpringApplication.refresh(SpringApplication.java:761)
	at org.springframework.boot.SpringApplication.refreshContext(SpringApplication.java:371)
	at org.springframework.boot.SpringApplication.run(SpringApplication.java:315)
	at org.springframework.boot.SpringApplication.run(SpringApplication.java:1186)
	at org.springframework.boot.SpringApplication.run(SpringApplication.java:1175)
	at com.rozikovp.blog.Application.main(Application.java:40)
	at sun.reflect.NativeMethodAccessorImpl.invoke0(Native Method)
	at sun.reflect.NativeMethodAccessorImpl.invoke(NativeMethodAccessorImpl.java:62)
	at sun.reflect.DelegatingMethodAccessorImpl.invoke(DelegatingMethodAccessorImpl.java:43)
	at java.lang.reflect.Method.invoke(Method.java:497)
	at com.intellij.rt.execution.application.AppMain.main(AppMain.java:147)

2017-04-25 11:39:00.848 ERROR 8608 --- [main] o.s.b.f.s.DefaultListableBeanFactory     : Destroy method on bean with name 'org.springframework.boot.autoconfigure.internalCachingMetadataReaderFactory' threw an exception

java.lang.IllegalStateException: ApplicationEventMulticaster not initialized - call 'refresh' before multicasting events via the context: org.springframework.boot.context.embedded.AnnotationConfigEmbeddedWebApplicationContext@217ed35e: startup date [Tue Apr 25 11:38:57 UZT 2017]; root of context hierarchy
	at org.springframework.context.support.AbstractApplicationContext.getApplicationEventMulticaster(AbstractApplicationContext.java:404)
	at org.springframework.context.support.ApplicationListenerDetector.postProcessBeforeDestruction(ApplicationListenerDetector.java:97)
	at org.springframework.beans.factory.support.DisposableBeanAdapter.destroy(DisposableBeanAdapter.java:253)
	at org.springframework.beans.factory.support.DefaultSingletonBeanRegistry.destroyBean(DefaultSingletonBeanRegistry.java:578)
	at org.springframework.beans.factory.support.DefaultSingletonBeanRegistry.destroySingleton(DefaultSingletonBeanRegistry.java:554)
	at org.springframework.beans.factory.support.DefaultListableBeanFactory.destroySingleton(DefaultListableBeanFactory.java:959)
	at org.springframework.beans.factory.support.DefaultSingletonBeanRegistry.destroySingletons(DefaultSingletonBeanRegistry.java:523)
	at org.springframework.beans.factory.support.DefaultListableBeanFactory.destroySingletons(DefaultListableBeanFactory.java:966)
	at org.springframework.context.support.AbstractApplicationContext.destroyBeans(AbstractApplicationContext.java:1033)
	at org.springframework.context.support.AbstractApplicationContext.refresh(AbstractApplicationContext.java:555)
	at org.springframework.boot.context.embedded.EmbeddedWebApplicationContext.refresh(EmbeddedWebApplicationContext.java:122)
	at org.springframework.boot.SpringApplication.refresh(SpringApplication.java:761)
	at org.springframework.boot.SpringApplication.refreshContext(SpringApplication.java:371)
	at org.springframework.boot.SpringApplication.run(SpringApplication.java:315)
	at org.springframework.boot.SpringApplication.run(SpringApplication.java:1186)
	at org.springframework.boot.SpringApplication.run(SpringApplication.java:1175)
	at com.rozikovp.blog.Application.main(Application.java:40)
	at sun.reflect.NativeMethodAccessorImpl.invoke0(Native Method)
	at sun.reflect.NativeMethodAccessorImpl.invoke(NativeMethodAccessorImpl.java:62)
	at sun.reflect.DelegatingMethodAccessorImpl.invoke(DelegatingMethodAccessorImpl.java:43)
	at java.lang.reflect.Method.invoke(Method.java:497)
	at com.intellij.rt.execution.application.AppMain.main(AppMain.java:147)

2017-04-25 11:40:50.255 ERROR 8624 --- [main] o.s.b.f.s.DefaultListableBeanFactory     : Destroy method on bean with name 'org.springframework.boot.autoconfigure.internalCachingMetadataReaderFactory' threw an exception

java.lang.IllegalStateException: ApplicationEventMulticaster not initialized - call 'refresh' before multicasting events via the context: org.springframework.boot.context.embedded.AnnotationConfigEmbeddedWebApplicationContext@217ed35e: startup date [Tue Apr 25 11:40:48 UZT 2017]; root of context hierarchy
	at org.springframework.context.support.AbstractApplicationContext.getApplicationEventMulticaster(AbstractApplicationContext.java:404)
	at org.springframework.context.support.ApplicationListenerDetector.postProcessBeforeDestruction(ApplicationListenerDetector.java:97)
	at org.springframework.beans.factory.support.DisposableBeanAdapter.destroy(DisposableBeanAdapter.java:253)
	at org.springframework.beans.factory.support.DefaultSingletonBeanRegistry.destroyBean(DefaultSingletonBeanRegistry.java:578)
	at org.springframework.beans.factory.support.DefaultSingletonBeanRegistry.destroySingleton(DefaultSingletonBeanRegistry.java:554)
	at org.springframework.beans.factory.support.DefaultListableBeanFactory.destroySingleton(DefaultListableBeanFactory.java:959)
	at org.springframework.beans.factory.support.DefaultSingletonBeanRegistry.destroySingletons(DefaultSingletonBeanRegistry.java:523)
	at org.springframework.beans.factory.support.DefaultListableBeanFactory.destroySingletons(DefaultListableBeanFactory.java:966)
	at org.springframework.context.support.AbstractApplicationContext.destroyBeans(AbstractApplicationContext.java:1033)
	at org.springframework.context.support.AbstractApplicationContext.refresh(AbstractApplicationContext.java:555)
	at org.springframework.boot.context.embedded.EmbeddedWebApplicationContext.refresh(EmbeddedWebApplicationContext.java:122)
	at org.springframework.boot.SpringApplication.refresh(SpringApplication.java:761)
	at org.springframework.boot.SpringApplication.refreshContext(SpringApplication.java:371)
	at org.springframework.boot.SpringApplication.run(SpringApplication.java:315)
	at org.springframework.boot.SpringApplication.run(SpringApplication.java:1186)
	at org.springframework.boot.SpringApplication.run(SpringApplication.java:1175)
	at com.rozikovp.blog.Application.main(Application.java:40)
	at sun.reflect.NativeMethodAccessorImpl.invoke0(Native Method)
	at sun.reflect.NativeMethodAccessorImpl.invoke(NativeMethodAccessorImpl.java:62)
	at sun.reflect.DelegatingMethodAccessorImpl.invoke(DelegatingMethodAccessorImpl.java:43)
	at java.lang.reflect.Method.invoke(Method.java:497)
	at com.intellij.rt.execution.application.AppMain.main(AppMain.java:147)

2017-04-25 11:41:30.574 ERROR 5504 --- [main] o.s.b.f.s.DefaultListableBeanFactory     : Destroy method on bean with name 'org.springframework.boot.autoconfigure.internalCachingMetadataReaderFactory' threw an exception

java.lang.IllegalStateException: ApplicationEventMulticaster not initialized - call 'refresh' before multicasting events via the context: org.springframework.boot.context.embedded.AnnotationConfigEmbeddedWebApplicationContext@217ed35e: startup date [Tue Apr 25 11:41:28 UZT 2017]; root of context hierarchy
	at org.springframework.context.support.AbstractApplicationContext.getApplicationEventMulticaster(AbstractApplicationContext.java:404)
	at org.springframework.context.support.ApplicationListenerDetector.postProcessBeforeDestruction(ApplicationListenerDetector.java:97)
	at org.springframework.beans.factory.support.DisposableBeanAdapter.destroy(DisposableBeanAdapter.java:253)
	at org.springframework.beans.factory.support.DefaultSingletonBeanRegistry.destroyBean(DefaultSingletonBeanRegistry.java:578)
	at org.springframework.beans.factory.support.DefaultSingletonBeanRegistry.destroySingleton(DefaultSingletonBeanRegistry.java:554)
	at org.springframework.beans.factory.support.DefaultListableBeanFactory.destroySingleton(DefaultListableBeanFactory.java:959)
	at org.springframework.beans.factory.support.DefaultSingletonBeanRegistry.destroySingletons(DefaultSingletonBeanRegistry.java:523)
	at org.springframework.beans.factory.support.DefaultListableBeanFactory.destroySingletons(DefaultListableBeanFactory.java:966)
	at org.springframework.context.support.AbstractApplicationContext.destroyBeans(AbstractApplicationContext.java:1033)
	at org.springframework.context.support.AbstractApplicationContext.refresh(AbstractApplicationContext.java:555)
	at org.springframework.boot.context.embedded.EmbeddedWebApplicationContext.refresh(EmbeddedWebApplicationContext.java:122)
	at org.springframework.boot.SpringApplication.refresh(SpringApplication.java:761)
	at org.springframework.boot.SpringApplication.refreshContext(SpringApplication.java:371)
	at org.springframework.boot.SpringApplication.run(SpringApplication.java:315)
	at org.springframework.boot.SpringApplication.run(SpringApplication.java:1186)
	at org.springframework.boot.SpringApplication.run(SpringApplication.java:1175)
	at com.rozikovp.blog.Application.main(Application.java:40)
	at sun.reflect.NativeMethodAccessorImpl.invoke0(Native Method)
	at sun.reflect.NativeMethodAccessorImpl.invoke(NativeMethodAccessorImpl.java:62)
	at sun.reflect.DelegatingMethodAccessorImpl.invoke(DelegatingMethodAccessorImpl.java:43)
	at java.lang.reflect.Method.invoke(Method.java:497)
	at com.intellij.rt.execution.application.AppMain.main(AppMain.java:147)

2017-04-25 11:41:52.539 ERROR 8464 --- [main] o.s.b.f.s.DefaultListableBeanFactory     : Destroy method on bean with name 'org.springframework.boot.autoconfigure.internalCachingMetadataReaderFactory' threw an exception

java.lang.IllegalStateException: ApplicationEventMulticaster not initialized - call 'refresh' before multicasting events via the context: org.springframework.boot.context.embedded.AnnotationConfigEmbeddedWebApplicationContext@217ed35e: startup date [Tue Apr 25 11:41:50 UZT 2017]; root of context hierarchy
	at org.springframework.context.support.AbstractApplicationContext.getApplicationEventMulticaster(AbstractApplicationContext.java:404)
	at org.springframework.context.support.ApplicationListenerDetector.postProcessBeforeDestruction(ApplicationListenerDetector.java:97)
	at org.springframework.beans.factory.support.DisposableBeanAdapter.destroy(DisposableBeanAdapter.java:253)
	at org.springframework.beans.factory.support.DefaultSingletonBeanRegistry.destroyBean(DefaultSingletonBeanRegistry.java:578)
	at org.springframework.beans.factory.support.DefaultSingletonBeanRegistry.destroySingleton(DefaultSingletonBeanRegistry.java:554)
	at org.springframework.beans.factory.support.DefaultListableBeanFactory.destroySingleton(DefaultListableBeanFactory.java:959)
	at org.springframework.beans.factory.support.DefaultSingletonBeanRegistry.destroySingletons(DefaultSingletonBeanRegistry.java:523)
	at org.springframework.beans.factory.support.DefaultListableBeanFactory.destroySingletons(DefaultListableBeanFactory.java:966)
	at org.springframework.context.support.AbstractApplicationContext.destroyBeans(AbstractApplicationContext.java:1033)
	at org.springframework.context.support.AbstractApplicationContext.refresh(AbstractApplicationContext.java:555)
	at org.springframework.boot.context.embedded.EmbeddedWebApplicationContext.refresh(EmbeddedWebApplicationContext.java:122)
	at org.springframework.boot.SpringApplication.refresh(SpringApplication.java:761)
	at org.springframework.boot.SpringApplication.refreshContext(SpringApplication.java:371)
	at org.springframework.boot.SpringApplication.run(SpringApplication.java:315)
	at org.springframework.boot.SpringApplication.run(SpringApplication.java:1186)
	at org.springframework.boot.SpringApplication.run(SpringApplication.java:1175)
	at com.rozikovp.blog.Application.main(Application.java:40)
	at sun.reflect.NativeMethodAccessorImpl.invoke0(Native Method)
	at sun.reflect.NativeMethodAccessorImpl.invoke(NativeMethodAccessorImpl.java:62)
	at sun.reflect.DelegatingMethodAccessorImpl.invoke(DelegatingMethodAccessorImpl.java:43)
	at java.lang.reflect.Method.invoke(Method.java:497)
	at com.intellij.rt.execution.application.AppMain.main(AppMain.java:147)

2017-04-25 14:51:25.056 DEBUG 8464 --- [main] org.hibernate.SQL                        : drop table Comment if exists
2017-04-25 14:51:25.079 DEBUG 8464 --- [main] org.hibernate.SQL                        : drop table Post if exists
2017-04-25 14:51:25.080 DEBUG 8464 --- [main] org.hibernate.SQL                        : drop sequence hibernate_sequence if exists
2017-04-25 14:51:25.083 DEBUG 8464 --- [main] org.hibernate.SQL                        : create sequence hibernate_sequence start with 1 increment by 1
2017-04-25 14:51:25.085 DEBUG 8464 --- [main] org.hibernate.SQL                        : create table Comment (id bigint not null, author varchar(255), content varchar(4096), creationDate timestamp, postId bigint, primary key (id))
2017-04-25 14:51:25.086 DEBUG 8464 --- [main] org.hibernate.SQL                        : create table Post (id bigint not null, content varchar(4096), creationDate timestamp, title varchar(255), primary key (id))
2017-04-25 14:55:21.332 DEBUG 8564 --- [main] org.hibernate.SQL                        : drop table Comment if exists
2017-04-25 14:55:21.336 DEBUG 8564 --- [main] org.hibernate.SQL                        : drop table Post if exists
2017-04-25 14:55:21.336 DEBUG 8564 --- [main] org.hibernate.SQL                        : drop sequence hibernate_sequence if exists
2017-04-25 14:55:21.340 DEBUG 8564 --- [main] org.hibernate.SQL                        : create sequence hibernate_sequence start with 1 increment by 1
2017-04-25 14:55:21.342 DEBUG 8564 --- [main] org.hibernate.SQL                        : create table Comment (id bigint not null, author varchar(255), content varchar(4096), creationDate timestamp, postId bigint, primary key (id))
2017-04-25 14:55:21.344 DEBUG 8564 --- [main] org.hibernate.SQL                        : create table Post (id bigint not null, content varchar(4096), creationDate timestamp, title varchar(255), primary key (id))
2017-04-25 14:55:22.920 ERROR 8564 --- [main] o.a.coyote.http11.Http11NioProtocol      : Failed to start end point associated with ProtocolHandler [http-nio-8080]

java.net.BindException: Address already in use: bind
	at sun.nio.ch.Net.bind0(Native Method)
	at sun.nio.ch.Net.bind(Net.java:437)
	at sun.nio.ch.Net.bind(Net.java:429)
	at sun.nio.ch.ServerSocketChannelImpl.bind(ServerSocketChannelImpl.java:223)
	at sun.nio.ch.ServerSocketAdaptor.bind(ServerSocketAdaptor.java:74)
	at org.apache.tomcat.util.net.NioEndpoint.bind(NioEndpoint.java:228)
	at org.apache.tomcat.util.net.AbstractEndpoint.start(AbstractEndpoint.java:874)
	at org.apache.coyote.AbstractProtocol.start(AbstractProtocol.java:590)
	at org.apache.catalina.connector.Connector.startInternal(Connector.java:969)
	at org.apache.catalina.util.LifecycleBase.start(LifecycleBase.java:150)
	at org.apache.catalina.core.StandardService.addConnector(StandardService.java:225)
	at org.springframework.boot.context.embedded.tomcat.TomcatEmbeddedServletContainer.addPreviouslyRemovedConnectors(TomcatEmbeddedServletContainer.java:233)
	at org.springframework.boot.context.embedded.tomcat.TomcatEmbeddedServletContainer.start(TomcatEmbeddedServletContainer.java:178)
	at org.springframework.boot.context.embedded.EmbeddedWebApplicationContext.startEmbeddedServletContainer(EmbeddedWebApplicationContext.java:297)
	at org.springframework.boot.context.embedded.EmbeddedWebApplicationContext.finishRefresh(EmbeddedWebApplicationContext.java:145)
	at org.springframework.context.support.AbstractApplicationContext.refresh(AbstractApplicationContext.java:545)
	at org.springframework.boot.context.embedded.EmbeddedWebApplicationContext.refresh(EmbeddedWebApplicationContext.java:122)
	at org.springframework.boot.SpringApplication.refresh(SpringApplication.java:761)
	at org.springframework.boot.SpringApplication.refreshContext(SpringApplication.java:371)
	at org.springframework.boot.SpringApplication.run(SpringApplication.java:315)
	at org.springframework.boot.SpringApplication.run(SpringApplication.java:1186)
	at org.springframework.boot.SpringApplication.run(SpringApplication.java:1175)
	at com.rozikovp.blog.Application.main(Application.java:40)
	at sun.reflect.NativeMethodAccessorImpl.invoke0(Native Method)
	at sun.reflect.NativeMethodAccessorImpl.invoke(NativeMethodAccessorImpl.java:62)
	at sun.reflect.DelegatingMethodAccessorImpl.invoke(DelegatingMethodAccessorImpl.java:43)
	at java.lang.reflect.Method.invoke(Method.java:497)
	at com.intellij.rt.execution.application.AppMain.main(AppMain.java:147)

2017-04-25 14:55:22.922 ERROR 8564 --- [main] o.apache.catalina.core.StandardService   : Failed to start connector [Connector[HTTP/1.1-8080]]

org.apache.catalina.LifecycleException: Failed to start component [Connector[HTTP/1.1-8080]]
	at org.apache.catalina.util.LifecycleBase.start(LifecycleBase.java:167)
	at org.apache.catalina.core.StandardService.addConnector(StandardService.java:225)
	at org.springframework.boot.context.embedded.tomcat.TomcatEmbeddedServletContainer.addPreviouslyRemovedConnectors(TomcatEmbeddedServletContainer.java:233)
	at org.springframework.boot.context.embedded.tomcat.TomcatEmbeddedServletContainer.start(TomcatEmbeddedServletContainer.java:178)
	at org.springframework.boot.context.embedded.EmbeddedWebApplicationContext.startEmbeddedServletContainer(EmbeddedWebApplicationContext.java:297)
	at org.springframework.boot.context.embedded.EmbeddedWebApplicationContext.finishRefresh(EmbeddedWebApplicationContext.java:145)
	at org.springframework.context.support.AbstractApplicationContext.refresh(AbstractApplicationContext.java:545)
	at org.springframework.boot.context.embedded.EmbeddedWebApplicationContext.refresh(EmbeddedWebApplicationContext.java:122)
	at org.springframework.boot.SpringApplication.refresh(SpringApplication.java:761)
	at org.springframework.boot.SpringApplication.refreshContext(SpringApplication.java:371)
	at org.springframework.boot.SpringApplication.run(SpringApplication.java:315)
	at org.springframework.boot.SpringApplication.run(SpringApplication.java:1186)
	at org.springframework.boot.SpringApplication.run(SpringApplication.java:1175)
	at com.rozikovp.blog.Application.main(Application.java:40)
	at sun.reflect.NativeMethodAccessorImpl.invoke0(Native Method)
	at sun.reflect.NativeMethodAccessorImpl.invoke(NativeMethodAccessorImpl.java:62)
	at sun.reflect.DelegatingMethodAccessorImpl.invoke(DelegatingMethodAccessorImpl.java:43)
	at java.lang.reflect.Method.invoke(Method.java:497)
	at com.intellij.rt.execution.application.AppMain.main(AppMain.java:147)
Caused by: org.apache.catalina.LifecycleException: service.getName(): "Tomcat";  Protocol handler start failed
	at org.apache.catalina.connector.Connector.startInternal(Connector.java:976)
	at org.apache.catalina.util.LifecycleBase.start(LifecycleBase.java:150)
	... 18 common frames omitted
Caused by: java.net.BindException: Address already in use: bind
	at sun.nio.ch.Net.bind0(Native Method)
	at sun.nio.ch.Net.bind(Net.java:437)
	at sun.nio.ch.Net.bind(Net.java:429)
	at sun.nio.ch.ServerSocketChannelImpl.bind(ServerSocketChannelImpl.java:223)
	at sun.nio.ch.ServerSocketAdaptor.bind(ServerSocketAdaptor.java:74)
	at org.apache.tomcat.util.net.NioEndpoint.bind(NioEndpoint.java:228)
	at org.apache.tomcat.util.net.AbstractEndpoint.start(AbstractEndpoint.java:874)
	at org.apache.coyote.AbstractProtocol.start(AbstractProtocol.java:590)
	at org.apache.catalina.connector.Connector.startInternal(Connector.java:969)
	... 19 common frames omitted

2017-04-25 14:55:23.836 DEBUG 8564 --- [main] org.hibernate.SQL                        : drop table Comment if exists
2017-04-25 14:55:23.838 DEBUG 8564 --- [main] org.hibernate.SQL                        : drop table Post if exists
2017-04-25 14:55:23.838 DEBUG 8564 --- [main] org.hibernate.SQL                        : drop sequence hibernate_sequence if exists
2017-04-25 14:56:10.190 DEBUG 9872 --- [main] org.hibernate.SQL                        : drop table Comment if exists
2017-04-25 14:56:10.193 DEBUG 9872 --- [main] org.hibernate.SQL                        : drop table Post if exists
2017-04-25 14:56:10.194 DEBUG 9872 --- [main] org.hibernate.SQL                        : drop sequence hibernate_sequence if exists
2017-04-25 14:56:10.198 DEBUG 9872 --- [main] org.hibernate.SQL                        : create sequence hibernate_sequence start with 1 increment by 1
2017-04-25 14:56:10.200 DEBUG 9872 --- [main] org.hibernate.SQL                        : create table Comment (id bigint not null, author varchar(255), content varchar(4096), creationDate timestamp, postId bigint, primary key (id))
2017-04-25 14:56:10.202 DEBUG 9872 --- [main] org.hibernate.SQL                        : create table Post (id bigint not null, content varchar(4096), creationDate timestamp, title varchar(255), primary key (id))
2017-04-25 14:56:44.199 DEBUG 9936 --- [main] org.hibernate.SQL                        : drop table Comment if exists
2017-04-25 14:56:44.202 DEBUG 9936 --- [main] org.hibernate.SQL                        : drop table Post if exists
2017-04-25 14:56:44.203 DEBUG 9936 --- [main] org.hibernate.SQL                        : drop sequence hibernate_sequence if exists
2017-04-25 14:56:44.207 DEBUG 9936 --- [main] org.hibernate.SQL                        : create sequence hibernate_sequence start with 1 increment by 1
2017-04-25 14:56:44.208 DEBUG 9936 --- [main] org.hibernate.SQL                        : create table Comment (id bigint not null, author varchar(255), content varchar(4096), creationDate timestamp, postId bigint, primary key (id))
2017-04-25 14:56:44.209 DEBUG 9936 --- [main] org.hibernate.SQL                        : create table Post (id bigint not null, content varchar(4096), creationDate timestamp, title varchar(255), primary key (id))
2017-04-25 14:59:26.785 DEBUG 3300 --- [main] org.hibernate.SQL                        : drop table Comment if exists
2017-04-25 14:59:26.789 DEBUG 3300 --- [main] org.hibernate.SQL                        : drop table Post if exists
2017-04-25 14:59:26.790 DEBUG 3300 --- [main] org.hibernate.SQL                        : drop sequence hibernate_sequence if exists
2017-04-25 14:59:26.796 DEBUG 3300 --- [main] org.hibernate.SQL                        : create sequence hibernate_sequence start with 1 increment by 1
2017-04-25 14:59:26.797 DEBUG 3300 --- [main] org.hibernate.SQL                        : create table Comment (id bigint not null, author varchar(255), content varchar(4096), creationDate timestamp, postId bigint, primary key (id))
2017-04-25 14:59:26.799 DEBUG 3300 --- [main] org.hibernate.SQL                        : create table Post (id bigint not null, content varchar(4096), creationDate timestamp, title varchar(255), primary key (id))
2017-04-25 15:01:04.503 DEBUG 6296 --- [main] org.hibernate.SQL                        : drop table Comment if exists
2017-04-25 15:01:04.506 DEBUG 6296 --- [main] org.hibernate.SQL                        : drop table Post if exists
2017-04-25 15:01:04.507 DEBUG 6296 --- [main] org.hibernate.SQL                        : drop sequence hibernate_sequence if exists
2017-04-25 15:01:04.512 DEBUG 6296 --- [main] org.hibernate.SQL                        : create sequence hibernate_sequence start with 1 increment by 1
2017-04-25 15:01:04.517 DEBUG 6296 --- [main] org.hibernate.SQL                        : create table Comment (id bigint not null, author varchar(255), content varchar(4096), creationDate timestamp, postId bigint, primary key (id))
2017-04-25 15:01:04.520 DEBUG 6296 --- [main] org.hibernate.SQL                        : create table Post (id bigint not null, content varchar(4096), creationDate timestamp, title varchar(255), primary key (id))
2017-04-25 15:04:10.436 DEBUG 9856 --- [main] org.hibernate.SQL                        : drop table Comment if exists
2017-04-25 15:04:10.439 DEBUG 9856 --- [main] org.hibernate.SQL                        : drop table Post if exists
2017-04-25 15:04:10.444 DEBUG 9856 --- [main] org.hibernate.SQL                        : drop sequence hibernate_sequence if exists
2017-04-25 15:04:10.450 DEBUG 9856 --- [main] org.hibernate.SQL                        : create sequence hibernate_sequence start with 1 increment by 1
2017-04-25 15:04:10.452 DEBUG 9856 --- [main] org.hibernate.SQL                        : create table Comment (id bigint not null, author varchar(255), content varchar(4096), creationDate timestamp, postId bigint, primary key (id))
2017-04-25 15:04:10.455 DEBUG 9856 --- [main] org.hibernate.SQL                        : create table Post (id bigint not null, content varchar(4096), creationDate timestamp, title varchar(255), primary key (id))
2017-04-25 15:15:28.543 DEBUG 9856 --- [http-nio-8090-exec-1] org.hibernate.SQL                        : select post0_.id as id1_1_0_, post0_.content as content2_1_0_, post0_.creationDate as creation3_1_0_, post0_.title as title4_1_0_ from Post post0_ where post0_.id=?
2017-04-25 15:30:19.989 DEBUG 9296 --- [main] org.hibernate.SQL                        : drop table Comment if exists
2017-04-25 15:30:19.993 DEBUG 9296 --- [main] org.hibernate.SQL                        : drop table Post if exists
2017-04-25 15:30:19.993 DEBUG 9296 --- [main] org.hibernate.SQL                        : drop sequence hibernate_sequence if exists
2017-04-25 15:30:19.997 DEBUG 9296 --- [main] org.hibernate.SQL                        : create sequence hibernate_sequence start with 1 increment by 1
2017-04-25 15:30:19.998 DEBUG 9296 --- [main] org.hibernate.SQL                        : create table Comment (id bigint not null, author varchar(255), content varchar(4096), creationDate timestamp, postId bigint, primary key (id))
2017-04-25 15:30:20.000 DEBUG 9296 --- [main] org.hibernate.SQL                        : create table Post (id bigint not null, content varchar(4096), creationDate timestamp, title varchar(255), primary key (id))
2017-04-25 15:46:06.751 DEBUG 3008 --- [main] org.hibernate.SQL                        : drop table Comment if exists
2017-04-25 15:46:06.755 DEBUG 3008 --- [main] org.hibernate.SQL                        : drop table Post if exists
2017-04-25 15:46:06.755 DEBUG 3008 --- [main] org.hibernate.SQL                        : drop sequence hibernate_sequence if exists
2017-04-25 15:46:06.759 DEBUG 3008 --- [main] org.hibernate.SQL                        : create sequence hibernate_sequence start with 1 increment by 1
2017-04-25 15:46:06.761 DEBUG 3008 --- [main] org.hibernate.SQL                        : create table Comment (id bigint not null, author varchar(255), content varchar(4096), creationDate timestamp, postId bigint, primary key (id))
2017-04-25 15:46:06.763 DEBUG 3008 --- [main] org.hibernate.SQL                        : create table Post (id bigint not null, content varchar(4096), creationDate timestamp, title varchar(255), primary key (id))
2017-04-25 15:51:25.785 DEBUG 9240 --- [main] org.hibernate.SQL                        : drop table Comment if exists
2017-04-25 15:51:25.788 DEBUG 9240 --- [main] org.hibernate.SQL                        : drop table Post if exists
2017-04-25 15:51:25.788 DEBUG 9240 --- [main] org.hibernate.SQL                        : drop sequence hibernate_sequence if exists
2017-04-25 15:51:25.792 DEBUG 9240 --- [main] org.hibernate.SQL                        : create sequence hibernate_sequence start with 1 increment by 1
2017-04-25 15:51:25.794 DEBUG 9240 --- [main] org.hibernate.SQL                        : create table Comment (id bigint not null, author varchar(255), content varchar(4096), creationDate timestamp, postId bigint, primary key (id))
2017-04-25 15:51:25.795 DEBUG 9240 --- [main] org.hibernate.SQL                        : create table Post (id bigint not null, content varchar(4096), creationDate timestamp, title varchar(255), primary key (id))
2017-04-25 15:55:59.056 DEBUG 9240 --- [http-nio-8090-exec-3] org.hibernate.SQL                        : select post0_.id as id1_1_0_, post0_.content as content2_1_0_, post0_.creationDate as creation3_1_0_, post0_.title as title4_1_0_ from Post post0_ where post0_.id=?
2017-04-25 15:59:19.424 DEBUG 9240 --- [http-nio-8090-exec-9] org.hibernate.SQL                        : call next value for hibernate_sequence
2017-04-25 15:59:19.467 DEBUG 9240 --- [http-nio-8090-exec-9] org.hibernate.SQL                        : insert into Post (content, creationDate, title, id) values (?, ?, ?, ?)
2017-04-25 15:59:31.171 DEBUG 9240 --- [http-nio-8090-exec-1] org.hibernate.SQL                        : select post0_.id as id1_1_0_, post0_.content as content2_1_0_, post0_.creationDate as creation3_1_0_, post0_.title as title4_1_0_ from Post post0_ where post0_.id=?
2017-04-25 16:03:33.660 DEBUG 8516 --- [main] org.hibernate.SQL                        : drop table Comment if exists
2017-04-25 16:03:33.663 DEBUG 8516 --- [main] org.hibernate.SQL                        : drop table Post if exists
2017-04-25 16:03:33.664 DEBUG 8516 --- [main] org.hibernate.SQL                        : drop sequence hibernate_sequence if exists
2017-04-25 16:03:33.671 DEBUG 8516 --- [main] org.hibernate.SQL                        : create sequence hibernate_sequence start with 1 increment by 1
2017-04-25 16:03:33.672 DEBUG 8516 --- [main] org.hibernate.SQL                        : create table Comment (id bigint not null, author varchar(255), content varchar(4096), creationDate timestamp, postId bigint, primary key (id))
2017-04-25 16:03:33.674 DEBUG 8516 --- [main] org.hibernate.SQL                        : create table Post (id bigint not null, content varchar(4096), creationDate timestamp, title varchar(255), primary key (id))
2017-04-25 16:04:10.123 DEBUG 8516 --- [http-nio-8090-exec-1] org.hibernate.SQL                        : call next value for hibernate_sequence
2017-04-25 16:04:10.174 DEBUG 8516 --- [http-nio-8090-exec-1] org.hibernate.SQL                        : insert into Post (content, creationDate, title, id) values (?, ?, ?, ?)
2017-04-25 16:04:15.292 DEBUG 8516 --- [http-nio-8090-exec-2] org.hibernate.SQL                        : select post0_.id as id1_1_0_, post0_.content as content2_1_0_, post0_.creationDate as creation3_1_0_, post0_.title as title4_1_0_ from Post post0_ where post0_.id=?
2017-04-25 16:13:39.286 ERROR 6540 --- [main] o.s.b.f.s.DefaultListableBeanFactory     : Destroy method on bean with name 'org.springframework.boot.context.properties.ConfigurationPropertiesBindingPostProcessor' threw an exception

java.lang.IllegalStateException: ApplicationEventMulticaster not initialized - call 'refresh' before multicasting events via the context: org.springframework.boot.context.embedded.AnnotationConfigEmbeddedWebApplicationContext@5b12b668: startup date [Tue Apr 25 16:13:36 UZT 2017]; root of context hierarchy
	at org.springframework.context.support.AbstractApplicationContext.getApplicationEventMulticaster(AbstractApplicationContext.java:404)
	at org.springframework.context.support.ApplicationListenerDetector.postProcessBeforeDestruction(ApplicationListenerDetector.java:97)
	at org.springframework.beans.factory.support.DisposableBeanAdapter.destroy(DisposableBeanAdapter.java:253)
	at org.springframework.beans.factory.support.DefaultSingletonBeanRegistry.destroyBean(DefaultSingletonBeanRegistry.java:578)
	at org.springframework.beans.factory.support.DefaultSingletonBeanRegistry.destroySingleton(DefaultSingletonBeanRegistry.java:554)
	at org.springframework.beans.factory.support.DefaultListableBeanFactory.destroySingleton(DefaultListableBeanFactory.java:959)
	at org.springframework.beans.factory.support.DefaultSingletonBeanRegistry.destroySingletons(DefaultSingletonBeanRegistry.java:523)
	at org.springframework.beans.factory.support.DefaultListableBeanFactory.destroySingletons(DefaultListableBeanFactory.java:966)
	at org.springframework.context.support.AbstractApplicationContext.destroyBeans(AbstractApplicationContext.java:1033)
	at org.springframework.context.support.AbstractApplicationContext.refresh(AbstractApplicationContext.java:555)
	at org.springframework.boot.context.embedded.EmbeddedWebApplicationContext.refresh(EmbeddedWebApplicationContext.java:122)
	at org.springframework.boot.SpringApplication.refresh(SpringApplication.java:761)
	at org.springframework.boot.SpringApplication.refreshContext(SpringApplication.java:371)
	at org.springframework.boot.SpringApplication.run(SpringApplication.java:315)
	at org.springframework.boot.SpringApplication.run(SpringApplication.java:1186)
	at org.springframework.boot.SpringApplication.run(SpringApplication.java:1175)
	at com.rozikovp.blog.Application.main(Application.java:43)
	at sun.reflect.NativeMethodAccessorImpl.invoke0(Native Method)
	at sun.reflect.NativeMethodAccessorImpl.invoke(NativeMethodAccessorImpl.java:62)
	at sun.reflect.DelegatingMethodAccessorImpl.invoke(DelegatingMethodAccessorImpl.java:43)
	at java.lang.reflect.Method.invoke(Method.java:497)
	at com.intellij.rt.execution.application.AppMain.main(AppMain.java:147)

2017-04-25 16:13:39.287 ERROR 6540 --- [main] o.s.b.f.s.DefaultListableBeanFactory     : Destroy method on bean with name 'org.springframework.boot.autoconfigure.internalCachingMetadataReaderFactory' threw an exception

java.lang.IllegalStateException: ApplicationEventMulticaster not initialized - call 'refresh' before multicasting events via the context: org.springframework.boot.context.embedded.AnnotationConfigEmbeddedWebApplicationContext@5b12b668: startup date [Tue Apr 25 16:13:36 UZT 2017]; root of context hierarchy
	at org.springframework.context.support.AbstractApplicationContext.getApplicationEventMulticaster(AbstractApplicationContext.java:404)
	at org.springframework.context.support.ApplicationListenerDetector.postProcessBeforeDestruction(ApplicationListenerDetector.java:97)
	at org.springframework.beans.factory.support.DisposableBeanAdapter.destroy(DisposableBeanAdapter.java:253)
	at org.springframework.beans.factory.support.DefaultSingletonBeanRegistry.destroyBean(DefaultSingletonBeanRegistry.java:578)
	at org.springframework.beans.factory.support.DefaultSingletonBeanRegistry.destroySingleton(DefaultSingletonBeanRegistry.java:554)
	at org.springframework.beans.factory.support.DefaultListableBeanFactory.destroySingleton(DefaultListableBeanFactory.java:959)
	at org.springframework.beans.factory.support.DefaultSingletonBeanRegistry.destroySingletons(DefaultSingletonBeanRegistry.java:523)
	at org.springframework.beans.factory.support.DefaultListableBeanFactory.destroySingletons(DefaultListableBeanFactory.java:966)
	at org.springframework.context.support.AbstractApplicationContext.destroyBeans(AbstractApplicationContext.java:1033)
	at org.springframework.context.support.AbstractApplicationContext.refresh(AbstractApplicationContext.java:555)
	at org.springframework.boot.context.embedded.EmbeddedWebApplicationContext.refresh(EmbeddedWebApplicationContext.java:122)
	at org.springframework.boot.SpringApplication.refresh(SpringApplication.java:761)
	at org.springframework.boot.SpringApplication.refreshContext(SpringApplication.java:371)
	at org.springframework.boot.SpringApplication.run(SpringApplication.java:315)
	at org.springframework.boot.SpringApplication.run(SpringApplication.java:1186)
	at org.springframework.boot.SpringApplication.run(SpringApplication.java:1175)
	at com.rozikovp.blog.Application.main(Application.java:43)
	at sun.reflect.NativeMethodAccessorImpl.invoke0(Native Method)
	at sun.reflect.NativeMethodAccessorImpl.invoke(NativeMethodAccessorImpl.java:62)
	at sun.reflect.DelegatingMethodAccessorImpl.invoke(DelegatingMethodAccessorImpl.java:43)
	at java.lang.reflect.Method.invoke(Method.java:497)
	at com.intellij.rt.execution.application.AppMain.main(AppMain.java:147)

2017-04-25 16:14:30.224 DEBUG 9436 --- [main] org.hibernate.SQL                        : drop table Comment if exists
2017-04-25 16:14:30.227 DEBUG 9436 --- [main] org.hibernate.SQL                        : drop table Post if exists
2017-04-25 16:14:30.228 DEBUG 9436 --- [main] org.hibernate.SQL                        : drop sequence hibernate_sequence if exists
2017-04-25 16:14:30.233 DEBUG 9436 --- [main] org.hibernate.SQL                        : create sequence hibernate_sequence start with 1 increment by 1
2017-04-25 16:14:30.234 DEBUG 9436 --- [main] org.hibernate.SQL                        : create table Comment (id bigint not null, author varchar(255), content varchar(4096), creationDate timestamp, postId bigint, primary key (id))
2017-04-25 16:14:30.236 DEBUG 9436 --- [main] org.hibernate.SQL                        : create table Post (id bigint not null, content varchar(4096), creationDate timestamp, title varchar(255), primary key (id))
2017-04-25 16:15:19.455 DEBUG 9436 --- [http-nio-8090-exec-2] org.hibernate.SQL                        : call next value for hibernate_sequence
2017-04-25 16:15:19.494 DEBUG 9436 --- [http-nio-8090-exec-2] org.hibernate.SQL                        : insert into Post (content, creationDate, title, id) values (?, ?, ?, ?)
2017-04-25 16:15:24.421 DEBUG 9436 --- [http-nio-8090-exec-3] org.hibernate.SQL                        : select post0_.id as id1_1_0_, post0_.content as content2_1_0_, post0_.creationDate as creation3_1_0_, post0_.title as title4_1_0_ from Post post0_ where post0_.id=?
2017-04-25 16:57:59.812 DEBUG 8484 --- [main] org.hibernate.SQL                        : drop table Comment if exists
2017-04-25 16:57:59.815 DEBUG 8484 --- [main] org.hibernate.SQL                        : drop table Post if exists
2017-04-25 16:57:59.816 DEBUG 8484 --- [main] org.hibernate.SQL                        : drop sequence hibernate_sequence if exists
2017-04-25 16:57:59.819 DEBUG 8484 --- [main] org.hibernate.SQL                        : create sequence hibernate_sequence start with 1 increment by 1
2017-04-25 16:57:59.822 DEBUG 8484 --- [main] org.hibernate.SQL                        : create table Comment (id bigint not null, author varchar(255), content varchar(4096), creationDate timestamp, postId bigint, primary key (id))
2017-04-25 16:57:59.827 DEBUG 8484 --- [main] org.hibernate.SQL                        : create table Post (id bigint not null, content varchar(4096), creationDate timestamp, title varchar(255), primary key (id))
2017-04-25 16:58:16.170 DEBUG 8484 --- [http-nio-8090-exec-1] org.hibernate.SQL                        : call next value for hibernate_sequence
2017-04-25 16:58:16.205 DEBUG 8484 --- [http-nio-8090-exec-1] org.hibernate.SQL                        : insert into Post (content, creationDate, title, id) values (?, ?, ?, ?)
2017-04-25 17:03:55.683 DEBUG 9300 --- [main] org.hibernate.SQL                        : drop table Comment if exists
2017-04-25 17:03:55.686 DEBUG 9300 --- [main] org.hibernate.SQL                        : drop table Post if exists
2017-04-25 17:03:55.687 DEBUG 9300 --- [main] org.hibernate.SQL                        : drop sequence hibernate_sequence if exists
2017-04-25 17:03:55.691 DEBUG 9300 --- [main] org.hibernate.SQL                        : create sequence hibernate_sequence start with 1 increment by 1
2017-04-25 17:03:55.692 DEBUG 9300 --- [main] org.hibernate.SQL                        : create table Comment (id bigint not null, author varchar(255), content varchar(4096), creationDate timestamp, postId bigint, primary key (id))
2017-04-25 17:03:55.693 DEBUG 9300 --- [main] org.hibernate.SQL                        : create table Post (id bigint not null, content varchar(4096), creationDate timestamp, title varchar(255), primary key (id))
2017-04-25 17:04:12.292 DEBUG 9300 --- [http-nio-8090-exec-1] org.hibernate.SQL                        : call next value for hibernate_sequence
2017-04-25 17:04:12.354 DEBUG 9300 --- [http-nio-8090-exec-1] org.hibernate.SQL                        : insert into Post (content, creationDate, title, id) values (?, ?, ?, ?)
2017-04-25 17:05:52.088 DEBUG 9300 --- [http-nio-8090-exec-2] org.hibernate.SQL                        : select post0_.id as id1_1_0_, post0_.content as content2_1_0_, post0_.creationDate as creation3_1_0_, post0_.title as title4_1_0_ from Post post0_ where post0_.id=?
